d:\traslado\espe_materias\espe\cuarto nivel\estructura de datos soy arbol\primer parcial\proyecto parcial 1\pruebamodografico\pruebamodografico\debug\vc142.pdb
d:\traslado\espe_materias\espe\cuarto nivel\estructura de datos soy arbol\primer parcial\proyecto parcial 1\pruebamodografico\pruebamodografico\debug\.netframework,version=v4.5.2.assemblyattributes.obj
d:\traslado\espe_materias\espe\cuarto nivel\estructura de datos soy arbol\primer parcial\proyecto parcial 1\pruebamodografico\pruebamodografico\debug\gusano.obj
d:\traslado\espe_materias\espe\cuarto nivel\estructura de datos soy arbol\primer parcial\proyecto parcial 1\pruebamodografico\pruebamodografico\debug\nodo.obj
d:\traslado\espe_materias\espe\cuarto nivel\estructura de datos soy arbol\primer parcial\proyecto parcial 1\pruebamodografico\pruebamodografico\debug\inicio.obj
d:\traslado\espe_materias\espe\cuarto nivel\estructura de datos soy arbol\primer parcial\proyecto parcial 1\pruebamodografico\pruebamodografico\debug\listasimple.obj
d:\traslado\espe_materias\espe\cuarto nivel\estructura de datos soy arbol\primer parcial\proyecto parcial 1\pruebamodografico\pruebamodografico\debug\frmpuntaje.obj
d:\traslado\espe_materias\espe\cuarto nivel\estructura de datos soy arbol\primer parcial\proyecto parcial 1\pruebamodografico\pruebamodografico\debug\frmnombrepuntaje.obj
d:\traslado\espe_materias\espe\cuarto nivel\estructura de datos soy arbol\primer parcial\proyecto parcial 1\pruebamodografico\debug\pruebamodografico.exe
d:\traslado\espe_materias\espe\cuarto nivel\estructura de datos soy arbol\primer parcial\proyecto parcial 1\pruebamodografico\debug\pruebamodografico.pdb
d:\traslado\espe_materias\espe\cuarto nivel\estructura de datos soy arbol\primer parcial\proyecto parcial 1\pruebamodografico\pruebamodografico\debug\pruebamodografico.frmnombrepuntaje.resources
d:\traslado\espe_materias\espe\cuarto nivel\estructura de datos soy arbol\primer parcial\proyecto parcial 1\pruebamodografico\pruebamodografico\debug\pruebamodografico.frmpuntaje.resources
d:\traslado\espe_materias\espe\cuarto nivel\estructura de datos soy arbol\primer parcial\proyecto parcial 1\pruebamodografico\pruebamodografico\debug\pruebamodografico.inicio.resources
d:\traslado\espe_materias\espe\cuarto nivel\estructura de datos soy arbol\primer parcial\proyecto parcial 1\pruebamodografico\pruebamodografico\debug\pruebamodografico.gusano.resources
d:\traslado\espe_materias\espe\cuarto nivel\estructura de datos soy arbol\primer parcial\proyecto parcial 1\pruebamodografico\pruebamodografico\debug\pruebamo.cff2a0ce.tlog\cl.command.1.tlog
d:\traslado\espe_materias\espe\cuarto nivel\estructura de datos soy arbol\primer parcial\proyecto parcial 1\pruebamodografico\pruebamodografico\debug\pruebamo.cff2a0ce.tlog\cl.read.1.tlog
d:\traslado\espe_materias\espe\cuarto nivel\estructura de datos soy arbol\primer parcial\proyecto parcial 1\pruebamodografico\pruebamodografico\debug\pruebamo.cff2a0ce.tlog\cl.write.1.tlog
d:\traslado\espe_materias\espe\cuarto nivel\estructura de datos soy arbol\primer parcial\proyecto parcial 1\pruebamodografico\pruebamodografico\debug\pruebamo.cff2a0ce.tlog\link.command.1.tlog
d:\traslado\espe_materias\espe\cuarto nivel\estructura de datos soy arbol\primer parcial\proyecto parcial 1\pruebamodografico\pruebamodografico\debug\pruebamo.cff2a0ce.tlog\link.read.1.tlog
d:\traslado\espe_materias\espe\cuarto nivel\estructura de datos soy arbol\primer parcial\proyecto parcial 1\pruebamodografico\pruebamodografico\debug\pruebamo.cff2a0ce.tlog\link.write.1.tlog
d:\traslado\espe_materias\espe\cuarto nivel\estructura de datos soy arbol\primer parcial\proyecto parcial 1\pruebamodografico\pruebamodografico\debug\pruebamo.cff2a0ce.tlog\metagen.read.1.tlog
d:\traslado\espe_materias\espe\cuarto nivel\estructura de datos soy arbol\primer parcial\proyecto parcial 1\pruebamodografico\pruebamodografico\debug\pruebamo.cff2a0ce.tlog\metagen.write.1.tlog
d:\traslado\espe_materias\espe\cuarto nivel\estructura de datos soy arbol\primer parcial\proyecto parcial 1\pruebamodografico\pruebamodografico\debug\pruebamo.cff2a0ce.tlog\pruebamodografico.write.1u.tlog
