c:\users\home\desktop\espe materias\cuarto nivel\estructura de datos\proyecto parcial 1\gusanoo\gusanoo\debug\vc140.pdb
c:\users\home\desktop\espe materias\cuarto nivel\estructura de datos\proyecto parcial 1\gusanoo\gusanoo\debug\.netframework,version=v4.5.2.assemblyattributes.obj
c:\users\home\desktop\espe materias\cuarto nivel\estructura de datos\proyecto parcial 1\gusanoo\gusanoo\debug\.netframework,version=v4.5.2.assemblyattributes.asm
c:\users\home\desktop\espe materias\cuarto nivel\estructura de datos\proyecto parcial 1\gusanoo\gusanoo\debug\nodo.obj
c:\users\home\desktop\espe materias\cuarto nivel\estructura de datos\proyecto parcial 1\gusanoo\gusanoo\debug\listasimple.obj
c:\users\home\desktop\espe materias\cuarto nivel\estructura de datos\proyecto parcial 1\gusanoo\gusanoo\debug\principall.obj
c:\users\home\desktop\espe materias\cuarto nivel\estructura de datos\proyecto parcial 1\gusanoo\gusanoo\debug\inicio.obj
c:\users\home\desktop\espe materias\cuarto nivel\estructura de datos\proyecto parcial 1\gusanoo\gusanoo\debug\gusano.obj
c:\users\home\desktop\espe materias\cuarto nivel\estructura de datos\proyecto parcial 1\gusanoo\gusanoo\debug\puntosaux.obj
c:\users\home\desktop\espe materias\cuarto nivel\estructura de datos\proyecto parcial 1\gusanoo\gusanoo\debug\puntaje.obj
c:\users\home\desktop\espe materias\cuarto nivel\estructura de datos\proyecto parcial 1\gusanoo\gusanoo\debug\gusanoo.principall.resources
c:\users\home\desktop\espe materias\cuarto nivel\estructura de datos\proyecto parcial 1\gusanoo\gusanoo\debug\gusanoo.principall.es-ec.resources
c:\users\home\desktop\espe materias\cuarto nivel\estructura de datos\proyecto parcial 1\gusanoo\debug\es-ec\gusanoo.resources.dll
c:\users\home\desktop\espe materias\cuarto nivel\estructura de datos\proyecto parcial 1\gusanoo\gusanoo\debug\gusanoo.gusano.resources
c:\users\home\desktop\espe materias\cuarto nivel\estructura de datos\proyecto parcial 1\gusanoo\gusanoo\debug\gusanoo.puntaje.resources
c:\users\home\desktop\espe materias\cuarto nivel\estructura de datos\proyecto parcial 1\gusanoo\gusanoo\debug\gusanoo.gusano.es-ec.resources
c:\users\home\desktop\espe materias\cuarto nivel\estructura de datos\proyecto parcial 1\gusanoo\gusanoo\debug\gusanoo.inicio.resources
c:\users\home\desktop\espe materias\cuarto nivel\estructura de datos\proyecto parcial 1\gusanoo\debug\gusanoo.exe
c:\users\home\desktop\espe materias\cuarto nivel\estructura de datos\proyecto parcial 1\gusanoo\debug\gusanoo.pdb
c:\users\home\desktop\espe materias\cuarto nivel\estructura de datos\proyecto parcial 1\gusanoo\gusanoo\debug\gusanoo.vcxproj.generateresource.cache
c:\users\home\desktop\espe materias\cuarto nivel\estructura de datos\proyecto parcial 1\gusanoo\gusanoo\debug\gusanoo.vcxprojresolveassemblyreference.cache
c:\users\home\desktop\espe materias\cuarto nivel\estructura de datos\proyecto parcial 1\gusanoo\gusanoo\debug\gusanoo.tlog\cl.command.1.tlog
c:\users\home\desktop\espe materias\cuarto nivel\estructura de datos\proyecto parcial 1\gusanoo\gusanoo\debug\gusanoo.tlog\cl.read.1.tlog
c:\users\home\desktop\espe materias\cuarto nivel\estructura de datos\proyecto parcial 1\gusanoo\gusanoo\debug\gusanoo.tlog\cl.write.1.tlog
c:\users\home\desktop\espe materias\cuarto nivel\estructura de datos\proyecto parcial 1\gusanoo\gusanoo\debug\gusanoo.tlog\gusanoo.write.1u.tlog
c:\users\home\desktop\espe materias\cuarto nivel\estructura de datos\proyecto parcial 1\gusanoo\gusanoo\debug\gusanoo.tlog\link.11544.17956.read.1.tlog
c:\users\home\desktop\espe materias\cuarto nivel\estructura de datos\proyecto parcial 1\gusanoo\gusanoo\debug\gusanoo.tlog\link.11544.17956.write.1.tlog
c:\users\home\desktop\espe materias\cuarto nivel\estructura de datos\proyecto parcial 1\gusanoo\gusanoo\debug\gusanoo.tlog\link.11544.read.1.tlog
c:\users\home\desktop\espe materias\cuarto nivel\estructura de datos\proyecto parcial 1\gusanoo\gusanoo\debug\gusanoo.tlog\link.11544.write.1.tlog
c:\users\home\desktop\espe materias\cuarto nivel\estructura de datos\proyecto parcial 1\gusanoo\gusanoo\debug\gusanoo.tlog\link.7936.24832.read.1.tlog
c:\users\home\desktop\espe materias\cuarto nivel\estructura de datos\proyecto parcial 1\gusanoo\gusanoo\debug\gusanoo.tlog\link.7936.24832.write.1.tlog
c:\users\home\desktop\espe materias\cuarto nivel\estructura de datos\proyecto parcial 1\gusanoo\gusanoo\debug\gusanoo.tlog\link.7936.read.1.tlog
c:\users\home\desktop\espe materias\cuarto nivel\estructura de datos\proyecto parcial 1\gusanoo\gusanoo\debug\gusanoo.tlog\link.7936.write.1.tlog
c:\users\home\desktop\espe materias\cuarto nivel\estructura de datos\proyecto parcial 1\gusanoo\gusanoo\debug\gusanoo.tlog\link.command.1.tlog
c:\users\home\desktop\espe materias\cuarto nivel\estructura de datos\proyecto parcial 1\gusanoo\gusanoo\debug\gusanoo.tlog\link.read.1.tlog
c:\users\home\desktop\espe materias\cuarto nivel\estructura de datos\proyecto parcial 1\gusanoo\gusanoo\debug\gusanoo.tlog\link.write.1.tlog
c:\users\home\desktop\espe materias\cuarto nivel\estructura de datos\proyecto parcial 1\gusanoo\gusanoo\debug\gusanoo.tlog\metagen.read.1.tlog
c:\users\home\desktop\espe materias\cuarto nivel\estructura de datos\proyecto parcial 1\gusanoo\gusanoo\debug\gusanoo.tlog\metagen.write.1.tlog
c:\users\home\desktop\espe materias\cuarto nivel\estructura de datos\proyecto parcial 1\gusanoo\gusanoo\debug\gusanoo.tlog\tzres.dll.bi
